<?xml version="1.0" encoding="UTF-8"?>
<!-- Generated by org.testng.reporters.JUnitReportReporter -->
<testsuite hostname="LAPTOP-5COFNKBT" failures="0" tests="1" name="com.hrms.testscripts.TC002_AddEmployee" time="16.317" errors="0" timestamp="2 Jan 2024 10:41:15 GMT">
  <testcase classname="com.hrms.testscripts.TC002_AddEmployee" name="AddEmp" time="16.317"/>
</testsuite> <!-- com.hrms.testscripts.TC002_AddEmployee -->
